<?xml version="1.0" encoding="UTF-8"?>
<testng-results ignored="0" total="1" passed="1" failed="0" skipped="0">
  <reporter-output>
  </reporter-output>
  <suite started-at="2024-11-22T11:21:59 IST" name="Suite" finished-at="2024-11-22T11:22:07 IST" duration-ms="8719">
    <groups>
    </groups>
    <test started-at="2024-11-22T11:21:59 IST" name="LoginTest_Chrome" finished-at="2024-11-22T11:22:07 IST" duration-ms="8719">
      <class name="testPackage.TC_003_Logout">
        <test-method is-config="true" signature="startReports()[pri:0, instance:testPackage.TC_003_Logout@75437611]" started-at="2024-11-22T11:21:58 IST" name="startReports" finished-at="2024-11-22T11:21:59 IST" duration-ms="297" status="PASS">
          <reporter-output>
          </reporter-output>
        </test-method> <!-- startReports -->
        <test-method is-config="true" signature="testcasedetails()[pri:0, instance:testPackage.TC_003_Logout@75437611]" started-at="2024-11-22T11:21:59 IST" name="testcasedetails" finished-at="2024-11-22T11:21:59 IST" duration-ms="1" status="PASS">
          <reporter-output>
          </reporter-output>
        </test-method> <!-- testcasedetails -->
        <test-method is-config="true" signature="setUp(java.lang.String)[pri:0, instance:testPackage.TC_003_Logout@75437611]" started-at="2024-11-22T11:21:59 IST" name="setUp" finished-at="2024-11-22T11:22:02 IST" duration-ms="2468" status="PASS">
          <params>
            <param index="0">
              <value>
                <![CDATA[chrome]]>
              </value>
            </param>
          </params>
          <reporter-output>
          </reporter-output>
        </test-method> <!-- setUp -->
        <test-method signature="validate_login(java.lang.String,java.lang.String,java.lang.String,java.lang.String,java.lang.String,java.lang.String,java.lang.String,java.lang.String)[pri:0, instance:testPackage.TC_003_Logout@75437611]" started-at="2024-11-22T11:22:02 IST" name="validate_login" data-provider="sendData" finished-at="2024-11-22T11:22:07 IST" duration-ms="5220" status="PASS">
          <params>
            <param index="0">
              <value>
                <![CDATA[Validate with logout]]>
              </value>
            </param>
            <param index="1">
              <value>
                <![CDATA[Jeevitha]]>
              </value>
            </param>
            <param index="2">
              <value>
                <![CDATA[Regression]]>
              </value>
            </param>
            <param index="3">
              <value>
                <![CDATA[shalini@navadhiti.com]]>
              </value>
            </param>
            <param index="4">
              <value>
                <![CDATA[nd1432@blr]]>
              </value>
            </param>
            <param index="5">
              <value>
                <![CDATA[positive]]>
              </value>
            </param>
            <param index="6">
              <value>
                <![CDATA[Shalini]]>
              </value>
            </param>
            <param index="7">
              <value>
                <![CDATA[Admin]]>
              </value>
            </param>
          </params>
          <reporter-output>
          </reporter-output>
        </test-method> <!-- validate_login -->
        <test-method is-config="true" signature="tearDown()[pri:0, instance:testPackage.TC_003_Logout@75437611]" started-at="2024-11-22T11:22:07 IST" name="tearDown" finished-at="2024-11-22T11:22:07 IST" duration-ms="240" status="PASS">
          <reporter-output>
          </reporter-output>
        </test-method> <!-- tearDown -->
        <test-method is-config="true" signature="stopReports()[pri:0, instance:testPackage.TC_003_Logout@75437611]" started-at="2024-11-22T11:22:07 IST" name="stopReports" finished-at="2024-11-22T11:22:08 IST" duration-ms="454" status="PASS">
          <reporter-output>
          </reporter-output>
        </test-method> <!-- stopReports -->
      </class> <!-- testPackage.TC_003_Logout -->
    </test> <!-- LoginTest_Chrome -->
  </suite> <!-- Suite -->
</testng-results>
